<?xml version="1.0" encoding="UTF-8"?>
<testng-results skipped="0" failed="1" total="2" passed="1">
  <reporter-output>
  </reporter-output>
  <suite name="Default suite" duration-ms="11283" started-at="2019-09-18T08:25:35Z" finished-at="2019-09-18T08:25:46Z">
    <groups>
    </groups>
    <test name="Default test" duration-ms="11283" started-at="2019-09-18T08:25:35Z" finished-at="2019-09-18T08:25:46Z">
      <class name="LoginConnTest.ConnTest2">
        <test-method status="FAIL" signature="testDrive(java.lang.String, java.lang.String)[pri:0, instance:LoginConnTest.ConnTest2@6cc4c815]" name="testDrive" duration-ms="2280" started-at="2019-09-18T13:55:42Z" finished-at="2019-09-18T13:55:44Z">
          <params>
            <param index="0">
              <value>
                <![CDATA[hariharans]]>
              </value>
            </param>
            <param index="1">
              <value>
                <![CDATA[maveric6@]]>
              </value>
            </param>
          </params>
          <exception class="org.openqa.selenium.NoSuchElementException">
            <message>
              <![CDATA[Cannot locate an element using name=yt0
For documentation on this error, please visit: https://www.seleniumhq.org/exceptions/no_such_element.html
Build info: version: '3.141.59', revision: 'e82be7d358', time: '2018-11-14T08:25:53'
System info: host: 'HP-PC', ip: '192.168.27.78', os.name: 'Windows 7', os.arch: 'amd64', os.version: '6.1', java.version: '1.8.0_131'
Driver info: driver.version: RemoteWebDriver]]>
            </message>
            <full-stacktrace>
              <![CDATA[org.openqa.selenium.NoSuchElementException: Cannot locate an element using name=yt0
For documentation on this error, please visit: https://www.seleniumhq.org/exceptions/no_such_element.html
Build info: version: '3.141.59', revision: 'e82be7d358', time: '2018-11-14T08:25:53'
System info: host: 'HP-PC', ip: '192.168.27.78', os.name: 'Windows 7', os.arch: 'amd64', os.version: '6.1', java.version: '1.8.0_131'
Driver info: driver.version: RemoteWebDriver
	at org.openqa.selenium.remote.RemoteWebDriver.findElement(RemoteWebDriver.java:327)
	at org.openqa.selenium.remote.RemoteWebDriver.findElementByName(RemoteWebDriver.java:404)
	at org.openqa.selenium.By$ByName.findElement(By.java:284)
	at org.openqa.selenium.remote.RemoteWebDriver.findElement(RemoteWebDriver.java:315)
	at LoginConnTest.ConnTest2.testDrive(ConnTest2.java:35)
	at sun.reflect.NativeMethodAccessorImpl.invoke0(Native Method)
	at sun.reflect.NativeMethodAccessorImpl.invoke(Unknown Source)
	at sun.reflect.DelegatingMethodAccessorImpl.invoke(Unknown Source)
	at java.lang.reflect.Method.invoke(Unknown Source)
	at org.testng.internal.MethodInvocationHelper.invokeMethod(MethodInvocationHelper.java:80)
	at org.testng.internal.Invoker.invokeMethod(Invoker.java:715)
	at org.testng.internal.Invoker.invokeTestMethod(Invoker.java:907)
	at org.testng.internal.Invoker.invokeTestMethods(Invoker.java:1237)
	at org.testng.internal.TestMethodWorker.invokeTestMethods(TestMethodWorker.java:127)
	at org.testng.internal.TestMethodWorker.run(TestMethodWorker.java:111)
	at java.util.concurrent.ThreadPoolExecutor.runWorker(Unknown Source)
	at java.util.concurrent.ThreadPoolExecutor$Worker.run(Unknown Source)
	at java.lang.Thread.run(Unknown Source)
]]>
            </full-stacktrace>
          </exception> <!-- org.openqa.selenium.NoSuchElementException -->
          <reporter-output>
          </reporter-output>
        </test-method> <!-- testDrive -->
      </class> <!-- LoginConnTest.ConnTest2 -->
      <class name="LoginConnTest.ConnTest">
        <test-method status="PASS" signature="launchBrowser()[pri:0, instance:LoginConnTest.ConnTest@548a9f61]" name="launchBrowser" is-config="true" duration-ms="4057" started-at="2019-09-18T13:55:35Z" finished-at="2019-09-18T13:55:39Z">
          <reporter-output>
          </reporter-output>
        </test-method> <!-- launchBrowser -->
        <test-method status="PASS" signature="launchBrowser()[pri:0, instance:LoginConnTest.ConnTest2@6cc4c815]" name="launchBrowser" is-config="true" duration-ms="3342" started-at="2019-09-18T13:55:39Z" finished-at="2019-09-18T13:55:42Z">
          <reporter-output>
          </reporter-output>
        </test-method> <!-- launchBrowser -->
        <test-method status="PASS" signature="testDrive(java.lang.String, java.lang.String)[pri:0, instance:LoginConnTest.ConnTest@548a9f61]" name="testDrive" duration-ms="2318" started-at="2019-09-18T13:55:42Z" finished-at="2019-09-18T13:55:44Z">
          <params>
            <param index="0">
              <value>
                <![CDATA[hariharans]]>
              </value>
            </param>
            <param index="1">
              <value>
                <![CDATA[maveric6@]]>
              </value>
            </param>
          </params>
          <reporter-output>
          </reporter-output>
        </test-method> <!-- testDrive -->
        <test-method status="PASS" signature="terminateBrowser()[pri:0, instance:LoginConnTest.ConnTest@548a9f61]" name="terminateBrowser" is-config="true" duration-ms="942" started-at="2019-09-18T13:55:44Z" finished-at="2019-09-18T13:55:45Z">
          <reporter-output>
          </reporter-output>
        </test-method> <!-- terminateBrowser -->
        <test-method status="PASS" signature="terminateBrowser()[pri:0, instance:LoginConnTest.ConnTest2@6cc4c815]" name="terminateBrowser" is-config="true" duration-ms="585" started-at="2019-09-18T13:55:45Z" finished-at="2019-09-18T13:55:46Z">
          <reporter-output>
          </reporter-output>
        </test-method> <!-- terminateBrowser -->
      </class> <!-- LoginConnTest.ConnTest -->
    </test> <!-- Default test -->
  </suite> <!-- Default suite -->
</testng-results>
